<?xml version="1.0" encoding="UTF-8"?>
<testng-results skipped="0" failed="0" total="1" passed="1">
  <reporter-output>
  </reporter-output>
  <suite name="Automation2" duration-ms="38464" started-at="2020-05-30T09:13:09Z" finished-at="2020-05-30T09:13:47Z">
    <groups>
    </groups>
    <test name="Trial2" duration-ms="38464" started-at="2020-05-30T09:13:09Z" finished-at="2020-05-30T09:13:47Z">
      <class name="skeleton.Oracle">
        <test-method status="PASS" signature="startup()[pri:0, instance:skeleton.Oracle@55f3ddb1]" name="startup" is-config="true" duration-ms="18577" started-at="2020-05-30T14:42:50Z" finished-at="2020-05-30T14:43:09Z">
          <reporter-output>
          </reporter-output>
        </test-method> <!-- startup -->
        <test-method status="PASS" signature="Test()[pri:0, instance:skeleton.Oracle@55f3ddb1]" name="Test" duration-ms="38449" started-at="2020-05-30T14:43:09Z" finished-at="2020-05-30T14:43:47Z">
          <reporter-output>
          </reporter-output>
        </test-method> <!-- Test -->
        <test-method status="FAIL" signature="End()[pri:0, instance:skeleton.Oracle@55f3ddb1]" name="End" is-config="true" duration-ms="0" started-at="2020-05-30T14:43:47Z" finished-at="2020-05-30T14:43:47Z">
          <exception class="java.lang.NullPointerException">
            <full-stacktrace>
              <![CDATA[java.lang.NullPointerException
	at skeleton.Oracle.End(Oracle.java:71)
	at sun.reflect.NativeMethodAccessorImpl.invoke0(Native Method)
	at sun.reflect.NativeMethodAccessorImpl.invoke(Unknown Source)
	at sun.reflect.DelegatingMethodAccessorImpl.invoke(Unknown Source)
	at java.lang.reflect.Method.invoke(Unknown Source)
	at org.testng.internal.MethodInvocationHelper.invokeMethod(MethodInvocationHelper.java:84)
	at org.testng.internal.Invoker.invokeConfigurationMethod(Invoker.java:564)
	at org.testng.internal.Invoker.invokeConfigurations(Invoker.java:213)
	at org.testng.internal.Invoker.invokeConfigurations(Invoker.java:138)
	at org.testng.SuiteRunner.privateRun(SuiteRunner.java:322)
	at org.testng.SuiteRunner.run(SuiteRunner.java:254)
	at org.testng.SuiteRunnerWorker.runSuite(SuiteRunnerWorker.java:52)
	at org.testng.SuiteRunnerWorker.run(SuiteRunnerWorker.java:86)
	at org.testng.TestNG.runSuitesSequentially(TestNG.java:1224)
	at org.testng.TestNG.runSuitesLocally(TestNG.java:1149)
	at org.testng.TestNG.run(TestNG.java:1057)
	at org.testng.remote.AbstractRemoteTestNG.run(AbstractRemoteTestNG.java:115)
	at org.testng.remote.RemoteTestNG.initAndRun(RemoteTestNG.java:251)
	at org.testng.remote.RemoteTestNG.main(RemoteTestNG.java:77)
]]>
            </full-stacktrace>
          </exception> <!-- java.lang.NullPointerException -->
          <reporter-output>
          </reporter-output>
        </test-method> <!-- End -->
      </class> <!-- skeleton.Oracle -->
    </test> <!-- Trial2 -->
  </suite> <!-- Automation2 -->
</testng-results>
